Arguments: 
  /usr/local/bin/node /usr/local/bin/yarn add -D @types/prisma/client

PATH: 
  /home/gustavocolombo/.zinit/polaris/bin:/usr/local/sbin:/usr/local/bin:/usr/sbin:/usr/bin:/sbin:/bin:/usr/games:/usr/local/games:/mnt/c/Program Files (x86)/Common Files/Oracle/Java/javapath:/mnt/c/Python39/Scripts/:/mnt/c/Python39/:/mnt/c/Windows/system32:/mnt/c/Windows:/mnt/c/Windows/System32/Wbem:/mnt/c/Windows/System32/WindowsPowerShell/v1.0/:/mnt/c/Windows/System32/OpenSSH/:/mnt/c/Program Files (x86)/NVIDIA Corporation/PhysX/Common:/mnt/c/Program Files/nodejs/:/mnt/c/ProgramData/chocolatey/bin:/mnt/c/Program Files/Java/jdk1.8.0_301/bin:/mnt/c/Program Files/Docker/Docker/resources/bin:/mnt/c/ProgramData/DockerDesktop/version-bin:/mnt/c/Program Files/Git/cmd:/mnt/c/Program Files/MySQL/MySQL Shell 8.0/bin/:/mnt/c/Users/gustt/AppData/Local/Microsoft/WindowsApps:/mnt/c/Users/gustt/AppData/Local/Programs/Microsoft VS Code/bin:/mnt/c/Users/gustt/AppData/Roaming/npm

Yarn version: 
  1.22.11

Node version: 
  16.10.0

Platform: 
  linux x64

Trace: 
  Error: https://registry.yarnpkg.com/@types%2fprisma/client: Request "https://registry.yarnpkg.com/@types%2fprisma/client" returned a 405
      at Request.params.callback [as _callback] (/usr/local/lib/node_modules/yarn/lib/cli.js:67001:18)
      at Request.self.callback (/usr/local/lib/node_modules/yarn/lib/cli.js:140763:22)
      at Request.emit (node:events:390:28)
      at Request.<anonymous> (/usr/local/lib/node_modules/yarn/lib/cli.js:141735:10)
      at Request.emit (node:events:390:28)
      at IncomingMessage.<anonymous> (/usr/local/lib/node_modules/yarn/lib/cli.js:141657:12)
      at Object.onceWrapper (node:events:509:28)
      at IncomingMessage.emit (node:events:402:35)
      at endReadableNT (node:internal/streams/readable:1343:12)
      at processTicksAndRejections (node:internal/process/task_queues:83:21)

npm manifest: 
  {
    "name": "prismaexample",
    "version": "1.0.0",
    "main": "index.js",
    "license": "MIT",
    "devDependencies": {
      "prisma": "^3.2.0"
    },
    "dependencies": {
      "@prisma/client": "^3.2.0"
    }
  }

yarn manifest: 
  No manifest

Lockfile: 
  # THIS IS AN AUTOGENERATED FILE. DO NOT EDIT THIS FILE DIRECTLY.
  # yarn lockfile v1
  
  
  "@prisma/client@^3.2.0":
    version "3.2.0"
    resolved "https://registry.yarnpkg.com/@prisma/client/-/client-3.2.0.tgz#6aa79b2945ca7553d5a4c14bbe0067d9f975e061"
    integrity sha512-YCS/N3DZWoaKXhyS8dHwgUvT/NKXvlLbB5fsy0FvYC305JgNtMLjNbxsx0HjIcNw82MEhP7zWEXNvOLpOgGCUg==
    dependencies:
      "@prisma/engines-version" "3.2.0-34.afdab2f10860244038c4e32458134112852d4dad"
  
  "@prisma/engines-version@3.2.0-34.afdab2f10860244038c4e32458134112852d4dad":
    version "3.2.0-34.afdab2f10860244038c4e32458134112852d4dad"
    resolved "https://registry.yarnpkg.com/@prisma/engines-version/-/engines-version-3.2.0-34.afdab2f10860244038c4e32458134112852d4dad.tgz#bd63ad4bbc32935ec43e93cb59220495893c844d"
    integrity sha512-zYzFOmFvk5YzShqm6DuK7ULtjbJQpebAeD3gcpPfPjx6Uf9pug3bxeswp8/3sk2KKVUeKPUQg5p3TZLskyBNjA==
  
  "@prisma/engines@3.2.0-34.afdab2f10860244038c4e32458134112852d4dad":
    version "3.2.0-34.afdab2f10860244038c4e32458134112852d4dad"
    resolved "https://registry.yarnpkg.com/@prisma/engines/-/engines-3.2.0-34.afdab2f10860244038c4e32458134112852d4dad.tgz#d8e6ceaddae105f0c882ac9113873f8f1e89d64a"
    integrity sha512-MiZORXXsGORXTF9RqqKIlN/2ohkaxAWTsS7qxDJTy5ThTYLrXSmzxTSohM4qN/AI616B+o5WV7XTBhjlPKSufg==
  
  prisma@^3.2.0:
    version "3.2.0"
    resolved "https://registry.yarnpkg.com/prisma/-/prisma-3.2.0.tgz#d4247114f1e4e4c67b9c70381c9aea4434882a38"
    integrity sha512-o8+DH0RD5DbP8QTZej2dsY64yvjOwOG3TWOlJyoCHQ+8DH9m4tzxo38j6IF/PqpN4PmAGPpHuNi/nssG1cvYlQ==
    dependencies:
      "@prisma/engines" "3.2.0-34.afdab2f10860244038c4e32458134112852d4dad"
